C:\Program Files (x86)\Microsoft Visual Studio\2017\Community\Common7\IDE\VC\VCTargets\Microsoft.CppBuild.targets(391,5): warning MSB8028: Le répertoire intermédiaire (x64\Release\) contient des fichiers partagés provenant d'un autre projet (ConsoleApplication1.vcxproj). Cela peut entraîner un comportement de nettoyage et de régénération incorrect.
  Button.cpp
  ConsoleApplication1.cpp
c:\users\couet\onedrive\bureau\allan\workspace\projet-semestre-1\consoleapplication1\consoleapplication1\consoleapplication1.cpp(66): warning C4244: 'argument' : conversion de 'time_t' en 'unsigned int', perte possible de données
c:\users\couet\onedrive\bureau\allan\workspace\projet-semestre-1\consoleapplication1\consoleapplication1\consoleapplication1.cpp(212): warning C4244: 'argument' : conversion de 'float' en 'sf::Uint8', perte possible de données
c:\users\couet\onedrive\bureau\allan\workspace\projet-semestre-1\consoleapplication1\consoleapplication1\consoleapplication1.cpp(211): warning C4244: 'argument' : conversion de 'float' en 'sf::Uint8', perte possible de données
c:\users\couet\onedrive\bureau\allan\workspace\projet-semestre-1\consoleapplication1\consoleapplication1\consoleapplication1.cpp(210): warning C4244: 'argument' : conversion de 'float' en 'sf::Uint8', perte possible de données
  Entity.cpp
c:\users\couet\onedrive\bureau\allan\workspace\projet-semestre-1\consoleapplication1\consoleapplication1\entity.cpp(8): warning C4244: '=' : conversion de 'float' en 'int', perte possible de données
c:\users\couet\onedrive\bureau\allan\workspace\projet-semestre-1\consoleapplication1\consoleapplication1\entity.cpp(9): warning C4244: '=' : conversion de 'float' en 'int', perte possible de données
c:\users\couet\onedrive\bureau\allan\workspace\projet-semestre-1\consoleapplication1\consoleapplication1\entity.cpp(25): warning C4244: '=' : conversion de 'double' en 'int', perte possible de données
c:\users\couet\onedrive\bureau\allan\workspace\projet-semestre-1\consoleapplication1\consoleapplication1\entity.cpp(26): warning C4244: '=' : conversion de 'double' en 'int', perte possible de données
c:\users\couet\onedrive\bureau\allan\workspace\projet-semestre-1\consoleapplication1\consoleapplication1\entity.cpp(27): warning C4244: '=' : conversion de 'double' en 'float', perte possible de données
c:\users\couet\onedrive\bureau\allan\workspace\projet-semestre-1\consoleapplication1\consoleapplication1\entity.cpp(28): warning C4244: '=' : conversion de 'double' en 'float', perte possible de données
c:\users\couet\onedrive\bureau\allan\workspace\projet-semestre-1\consoleapplication1\consoleapplication1\entity.cpp(42): warning C4244: 'argument' : conversion de 'double' en 'T', perte possible de données
          with
          [
              T=float
          ]
c:\users\couet\onedrive\bureau\allan\workspace\projet-semestre-1\consoleapplication1\consoleapplication1\entity.cpp(51): warning C4244: 'argument' : conversion de 'float' en 'int', perte possible de données
c:\users\couet\onedrive\bureau\allan\workspace\projet-semestre-1\consoleapplication1\consoleapplication1\entity.cpp(52): warning C4244: 'argument' : conversion de 'float' en 'int', perte possible de données
c:\users\couet\onedrive\bureau\allan\workspace\projet-semestre-1\consoleapplication1\consoleapplication1\entity.cpp(75): warning C4244: 'argument' : conversion de 'double' en 'float', perte possible de données
c:\users\couet\onedrive\bureau\allan\workspace\projet-semestre-1\consoleapplication1\consoleapplication1\entity.cpp(79): warning C4244: 'argument' : conversion de 'double' en 'float', perte possible de données
c:\users\couet\onedrive\bureau\allan\workspace\projet-semestre-1\consoleapplication1\consoleapplication1\entity.cpp(82): warning C4244: 'argument' : conversion de 'double' en 'float', perte possible de données
c:\users\couet\onedrive\bureau\allan\workspace\projet-semestre-1\consoleapplication1\consoleapplication1\entity.cpp(87): warning C4305: 'initialisation' : troncation de 'double' à 'float'
c:\users\couet\onedrive\bureau\allan\workspace\projet-semestre-1\consoleapplication1\consoleapplication1\entity.cpp(99): warning C4244: '+=' : conversion de 'double' en 'float', perte possible de données
c:\users\couet\onedrive\bureau\allan\workspace\projet-semestre-1\consoleapplication1\consoleapplication1\entity.cpp(126): warning C4244: '+=' : conversion de 'double' en 'float', perte possible de données
c:\users\couet\onedrive\bureau\allan\workspace\projet-semestre-1\consoleapplication1\consoleapplication1\entity.cpp(181): warning C4244: '-=' : conversion de 'double' en 'float', perte possible de données
c:\users\couet\onedrive\bureau\allan\workspace\projet-semestre-1\consoleapplication1\consoleapplication1\entity.cpp(182): warning C4244: '-=' : conversion de 'double' en 'float', perte possible de données
c:\users\couet\onedrive\bureau\allan\workspace\projet-semestre-1\consoleapplication1\consoleapplication1\entity.cpp(183): warning C4244: '+=' : conversion de 'double' en 'float', perte possible de données
c:\users\couet\onedrive\bureau\allan\workspace\projet-semestre-1\consoleapplication1\consoleapplication1\entity.cpp(184): warning C4244: '+=' : conversion de 'double' en 'float', perte possible de données
c:\users\couet\onedrive\bureau\allan\workspace\projet-semestre-1\consoleapplication1\consoleapplication1\entity.cpp(249): warning C4244: '-=' : conversion de 'double' en 'float', perte possible de données
c:\users\couet\onedrive\bureau\allan\workspace\projet-semestre-1\consoleapplication1\consoleapplication1\entity.cpp(252): warning C4244: 'initialisation' : conversion de 'double' en 'float', perte possible de données
c:\users\couet\onedrive\bureau\allan\workspace\projet-semestre-1\consoleapplication1\consoleapplication1\entity.cpp(254): warning C4244: '-=' : conversion de 'float' en 'sf::Uint8', perte possible de données
c:\users\couet\onedrive\bureau\allan\workspace\projet-semestre-1\consoleapplication1\consoleapplication1\entity.cpp(303): warning C4244: 'argument' : conversion de 'int' en 'float', perte possible de données
c:\users\couet\onedrive\bureau\allan\workspace\projet-semestre-1\consoleapplication1\consoleapplication1\entity.cpp(307): warning C4244: 'argument' : conversion de 'int' en 'T', perte possible de données
          with
          [
              T=float
          ]
c:\users\couet\onedrive\bureau\allan\workspace\projet-semestre-1\consoleapplication1\consoleapplication1\entity.cpp(317): warning C4244: '=' : conversion de 'float' en '_Ty', perte possible de données
          with
          [
              _Ty=int
          ]
c:\users\couet\onedrive\bureau\allan\workspace\projet-semestre-1\consoleapplication1\consoleapplication1\entity.cpp(318): warning C4244: '=' : conversion de 'float' en '_Ty', perte possible de données
          with
          [
              _Ty=int
          ]
c:\users\couet\onedrive\bureau\allan\workspace\projet-semestre-1\consoleapplication1\consoleapplication1\entity.cpp(350): warning C4244: '+=' : conversion de 'double' en '_Ty', perte possible de données
          with
          [
              _Ty=float
          ]
c:\users\couet\onedrive\bureau\allan\workspace\projet-semestre-1\consoleapplication1\consoleapplication1\entity.cpp(361): warning C4244: '+=' : conversion de 'double' en '_Ty', perte possible de données
          with
          [
              _Ty=float
          ]
c:\users\couet\onedrive\bureau\allan\workspace\projet-semestre-1\consoleapplication1\consoleapplication1\entity.cpp(385): warning C4267: 'initialisation' : conversion de 'size_t' en 'int', perte possible de données
c:\users\couet\onedrive\bureau\allan\workspace\projet-semestre-1\consoleapplication1\consoleapplication1\entity.cpp(385): warning C4267: 'initialisation' : conversion de 'size_t' en 'const int', perte possible de données
c:\users\couet\onedrive\bureau\allan\workspace\projet-semestre-1\consoleapplication1\consoleapplication1\entity.cpp(462): warning C4244: '+=' : conversion de 'double' en 'float', perte possible de données
c:\users\couet\onedrive\bureau\allan\workspace\projet-semestre-1\consoleapplication1\consoleapplication1\entity.cpp(465): warning C4244: '-=' : conversion de 'double' en 'float', perte possible de données
c:\users\couet\onedrive\bureau\allan\workspace\projet-semestre-1\consoleapplication1\consoleapplication1\entity.cpp(468): warning C4244: '+=' : conversion de 'double' en 'float', perte possible de données
c:\users\couet\onedrive\bureau\allan\workspace\projet-semestre-1\consoleapplication1\consoleapplication1\entity.cpp(471): warning C4244: '-=' : conversion de 'double' en 'float', perte possible de données
  Game.cpp
c:\users\couet\onedrive\bureau\allan\workspace\projet-semestre-1\consoleapplication1\consoleapplication1\game.cpp(19): warning C4244: 'argument' : conversion de 'int' en 'float', perte possible de données
  HUD.cpp
c:\users\couet\onedrive\bureau\allan\workspace\projet-semestre-1\consoleapplication1\consoleapplication1\hud.cpp(21): warning C4244: 'argument' : conversion de 'size_t' en 'T', perte possible de données
          with
          [
              T=float
          ]
  imgui-SFML.cpp
  imgui.cpp
  imgui_demo.cpp
  imgui_draw.cpp
  imgui_tables.cpp
  imgui_widgets.cpp
  Items.cpp
  Particles.cpp
c:\users\couet\onedrive\bureau\allan\workspace\projet-semestre-1\consoleapplication1\consoleapplication1\particles.cpp(30): warning C4244: '+=' : conversion de 'double' en '_Ty', perte possible de données
          with
          [
              _Ty=float
          ]
c:\users\couet\onedrive\bureau\allan\workspace\projet-semestre-1\consoleapplication1\consoleapplication1\particles.cpp(31): warning C4244: '+=' : conversion de 'double' en '_Ty', perte possible de données
          with
          [
              _Ty=float
          ]
c:\users\couet\onedrive\bureau\allan\workspace\projet-semestre-1\consoleapplication1\consoleapplication1\particles.cpp(47): warning C4267: 'initialisation' : conversion de 'size_t' en 'int', perte possible de données
c:\users\couet\onedrive\bureau\allan\workspace\projet-semestre-1\consoleapplication1\consoleapplication1\particles.cpp(47): warning C4267: 'initialisation' : conversion de 'size_t' en 'const int', perte possible de données
  PlayerGUI.cpp
  SpawnerEnemy.cpp
c:\users\couet\onedrive\bureau\allan\workspace\projet-semestre-1\consoleapplication1\consoleapplication1\spawnerenemy.cpp(39): warning C4244: 'argument' : conversion de 'int' en 'float', perte possible de données
  World.cpp
  Génération de code en cours
c:\users\couet\onedrive\bureau\allan\workspace\projet-semestre-1\consoleapplication1\consoleapplication1\consoleapplication1.cpp(252): warning C4715: 'startGame' : les chemins de contrôle ne retournent pas tous une valeur
  All 1100 functions were compiled because no usable IPDB/IOBJ from previous compilation was found.
  Fin de la génération du code
  ConsoleApplication1.vcxproj -> C:\Users\couet\OneDrive\Bureau\Allan\Workspace\Projet-Semestre-1\ConsoleApplication1\ConsoleApplication1\x64\Release\Shoot.exe
