C:\Program Files (x86)\Microsoft Visual Studio\2017\Community\Common7\IDE\VC\VCTargets\Microsoft.CppBuild.targets(391,5): warning MSB8028: Le répertoire intermédiaire (x64\Debug\) contient des fichiers partagés provenant d'un autre projet (ConsoleApplication1.vcxproj). Cela peut entraîner un comportement de nettoyage et de régénération incorrect.
  Entity.cpp
c:\users\couet\onedrive\bureau\allan\workspace\projet-semestre-1\consoleapplication1\consoleapplication1\entity.cpp(5): warning C4244: '=' : conversion de 'float' en 'int', perte possible de données
c:\users\couet\onedrive\bureau\allan\workspace\projet-semestre-1\consoleapplication1\consoleapplication1\entity.cpp(6): warning C4244: '=' : conversion de 'float' en 'int', perte possible de données
c:\users\couet\onedrive\bureau\allan\workspace\projet-semestre-1\consoleapplication1\consoleapplication1\entity.cpp(23): warning C4244: '=' : conversion de 'double' en 'int', perte possible de données
c:\users\couet\onedrive\bureau\allan\workspace\projet-semestre-1\consoleapplication1\consoleapplication1\entity.cpp(24): warning C4244: '=' : conversion de 'double' en 'int', perte possible de données
c:\users\couet\onedrive\bureau\allan\workspace\projet-semestre-1\consoleapplication1\consoleapplication1\entity.cpp(25): warning C4244: '=' : conversion de 'double' en 'float', perte possible de données
c:\users\couet\onedrive\bureau\allan\workspace\projet-semestre-1\consoleapplication1\consoleapplication1\entity.cpp(26): warning C4244: '=' : conversion de 'double' en 'float', perte possible de données
c:\users\couet\onedrive\bureau\allan\workspace\projet-semestre-1\consoleapplication1\consoleapplication1\entity.cpp(40): warning C4244: 'argument' : conversion de 'double' en 'T', perte possible de données
          with
          [
              T=float
          ]
c:\users\couet\onedrive\bureau\allan\workspace\projet-semestre-1\consoleapplication1\consoleapplication1\entity.cpp(49): warning C4244: 'argument' : conversion de 'float' en 'int', perte possible de données
c:\users\couet\onedrive\bureau\allan\workspace\projet-semestre-1\consoleapplication1\consoleapplication1\entity.cpp(50): warning C4244: 'argument' : conversion de 'float' en 'int', perte possible de données
c:\users\couet\onedrive\bureau\allan\workspace\projet-semestre-1\consoleapplication1\consoleapplication1\entity.cpp(71): warning C4244: 'argument' : conversion de 'double' en 'float', perte possible de données
c:\users\couet\onedrive\bureau\allan\workspace\projet-semestre-1\consoleapplication1\consoleapplication1\entity.cpp(73): warning C4244: 'argument' : conversion de 'double' en 'float', perte possible de données
c:\users\couet\onedrive\bureau\allan\workspace\projet-semestre-1\consoleapplication1\consoleapplication1\entity.cpp(81): warning C4244: '+=' : conversion de 'double' en 'float', perte possible de données
c:\users\couet\onedrive\bureau\allan\workspace\projet-semestre-1\consoleapplication1\consoleapplication1\entity.cpp(108): warning C4244: '+=' : conversion de 'double' en 'float', perte possible de données
c:\users\couet\onedrive\bureau\allan\workspace\projet-semestre-1\consoleapplication1\consoleapplication1\entity.cpp(170): warning C4244: '-=' : conversion de 'double' en 'float', perte possible de données
c:\users\couet\onedrive\bureau\allan\workspace\projet-semestre-1\consoleapplication1\consoleapplication1\entity.cpp(171): warning C4244: '-=' : conversion de 'double' en 'float', perte possible de données
c:\users\couet\onedrive\bureau\allan\workspace\projet-semestre-1\consoleapplication1\consoleapplication1\entity.cpp(172): warning C4244: '+=' : conversion de 'double' en 'float', perte possible de données
c:\users\couet\onedrive\bureau\allan\workspace\projet-semestre-1\consoleapplication1\consoleapplication1\entity.cpp(173): warning C4244: '+=' : conversion de 'double' en 'float', perte possible de données
c:\users\couet\onedrive\bureau\allan\workspace\projet-semestre-1\consoleapplication1\consoleapplication1\entity.cpp(242): warning C4244: 'argument' : conversion de 'int' en 'float', perte possible de données
c:\users\couet\onedrive\bureau\allan\workspace\projet-semestre-1\consoleapplication1\consoleapplication1\entity.cpp(246): warning C4244: 'argument' : conversion de 'int' en 'T', perte possible de données
          with
          [
              T=float
          ]
c:\users\couet\onedrive\bureau\allan\workspace\projet-semestre-1\consoleapplication1\consoleapplication1\entity.cpp(256): warning C4244: '=' : conversion de 'float' en '_Ty', perte possible de données
          with
          [
              _Ty=int
          ]
c:\users\couet\onedrive\bureau\allan\workspace\projet-semestre-1\consoleapplication1\consoleapplication1\entity.cpp(257): warning C4244: '=' : conversion de 'float' en '_Ty', perte possible de données
          with
          [
              _Ty=int
          ]
c:\users\couet\onedrive\bureau\allan\workspace\projet-semestre-1\consoleapplication1\consoleapplication1\entity.cpp(289): warning C4244: '+=' : conversion de 'double' en '_Ty', perte possible de données
          with
          [
              _Ty=float
          ]
c:\users\couet\onedrive\bureau\allan\workspace\projet-semestre-1\consoleapplication1\consoleapplication1\entity.cpp(300): warning C4244: '+=' : conversion de 'double' en '_Ty', perte possible de données
          with
          [
              _Ty=float
          ]
c:\users\couet\onedrive\bureau\allan\workspace\projet-semestre-1\consoleapplication1\consoleapplication1\entity.cpp(324): warning C4267: 'initialisation' : conversion de 'size_t' en 'int', perte possible de données
c:\users\couet\onedrive\bureau\allan\workspace\projet-semestre-1\consoleapplication1\consoleapplication1\entity.cpp(324): warning C4267: 'initialisation' : conversion de 'size_t' en 'const int', perte possible de données
c:\users\couet\onedrive\bureau\allan\workspace\projet-semestre-1\consoleapplication1\consoleapplication1\entity.cpp(423): warning C4244: '+=' : conversion de 'double' en 'float', perte possible de données
c:\users\couet\onedrive\bureau\allan\workspace\projet-semestre-1\consoleapplication1\consoleapplication1\entity.cpp(426): warning C4244: '-=' : conversion de 'double' en 'float', perte possible de données
c:\users\couet\onedrive\bureau\allan\workspace\projet-semestre-1\consoleapplication1\consoleapplication1\entity.cpp(429): warning C4244: '+=' : conversion de 'double' en 'float', perte possible de données
c:\users\couet\onedrive\bureau\allan\workspace\projet-semestre-1\consoleapplication1\consoleapplication1\entity.cpp(432): warning C4244: '-=' : conversion de 'double' en 'float', perte possible de données
  ConsoleApplication1.vcxproj -> C:\Users\couet\OneDrive\Bureau\Allan\Workspace\Projet-Semestre-1\ConsoleApplication1\ConsoleApplication1\x64\Debug\ConsoleApplication1.exe
